<?xml version="1.0" encoding="UTF-8"?>
<!-- Generated by org.testng.reporters.JUnitReportReporter -->
<testsuite hostname="DESKTOP-9E95C5R" failures="0" tests="1" name="com.vtiger.products.Test.CreateProductsTest" time="45.974" errors="0" timestamp="24 May 2022 06:04:30 GMT" skipped="0">
  <testcase classname="com.vtiger.products.Test.CreateProductsTest" name="createProductsTest" time="45.974"/>
</testsuite> <!-- com.vtiger.products.Test.CreateProductsTest -->
