<?xml version="1.0" encoding="UTF-8"?>
<!-- Generated by org.testng.reporters.JUnitReportReporter -->
<testsuite hostname="DESKTOP-9E95C5R" failures="0" tests="1" name="com.vtiger.organization.Test.CreateOrganizationWithIndustryAndTypeTest" time="23.902" errors="0" timestamp="20 May 2022 04:52:21 GMT" skipped="0">
  <testcase classname="com.vtiger.organization.Test.CreateOrganizationWithIndustryAndTypeTest" name="createOrganizationWithIndustryAndTypeTest" time="23.902"/>
</testsuite> <!-- com.vtiger.organization.Test.CreateOrganizationWithIndustryAndTypeTest -->
