<?xml version="1.0" encoding="UTF-8"?>
<!-- Generated by org.testng.reporters.JUnitReportReporter -->
<testsuite hostname="DESKTOP-9E95C5R" failures="0" tests="1" name="com.vtiger.organization.Test.CreateOrganizationTest" time="33.976" errors="0" timestamp="20 May 2022 04:44:35 GMT" skipped="0">
  <testcase classname="com.vtiger.organization.Test.CreateOrganizationTest" name="createOrganizationTest" time="33.976"/>
</testsuite> <!-- com.vtiger.organization.Test.CreateOrganizationTest -->
