<?xml version="1.0" encoding="UTF-8"?>
<!-- Generated by org.testng.reporters.JUnitReportReporter -->
<testsuite hostname="DESKTOP-9E95C5R" failures="0" tests="1" name="com.vtiger.organizations.Test.CreateOrganizationWithIndustryTest" time="26.043" errors="0" timestamp="19 May 2022 07:48:32 GMT" skipped="0">
  <testcase classname="com.vtiger.organizations.Test.CreateOrganizationWithIndustryTest" name="createOrganizationWithIndustryTest" time="26.043"/>
</testsuite> <!-- com.vtiger.organizations.Test.CreateOrganizationWithIndustryTest -->
