<?xml version="1.0" encoding="UTF-8"?>
<!-- Generated by org.testng.reporters.JUnitReportReporter -->
<testsuite hostname="DESKTOP-9E95C5R" failures="0" tests="1" name="com.vtiger.contacts.Test.CreateContactTest" time="37.086" errors="0" timestamp="24 May 2022 06:38:14 GMT" skipped="0">
  <testcase classname="com.vtiger.contacts.Test.CreateContactTest" name="createContactTest" time="37.086"/>
</testsuite> <!-- com.vtiger.contacts.Test.CreateContactTest -->
