<?xml version="1.0" encoding="UTF-8"?>
<!-- Generated by org.testng.reporters.JUnitReportReporter -->
<testsuite hostname="DESKTOP-9E95C5R" failures="0" tests="2" name="com.vtiger.practice.Test.PriorityPracticeTest" time="0.017" errors="0" timestamp="18 May 2022 10:58:16 GMT" skipped="0">
  <testcase classname="com.vtiger.practice.Test.PriorityPracticeTest" name="priorityPracticeTest" time="0.002"/>
  <testcase classname="com.vtiger.practice.Test.PriorityPracticeTest" name="priorityPracticeTest2" time="0.015"/>
</testsuite> <!-- com.vtiger.practice.Test.PriorityPracticeTest -->
