<?xml version="1.0" encoding="UTF-8"?>
<!-- Generated by org.testng.reporters.JUnitReportReporter -->
<testsuite hostname="DESKTOP-9E95C5R" failures="0" tests="1" name="com.vtiger.practice.Test.CreatecampaignsPracticeTest" time="32.078" errors="0" timestamp="18 May 2022 05:18:34 GMT" skipped="0">
  <testcase classname="com.vtiger.practice.Test.CreatecampaignsPracticeTest" name="createcampaignsPracticeTest" time="32.078"/>
</testsuite> <!-- com.vtiger.practice.Test.CreatecampaignsPracticeTest -->
