<?xml version="1.0" encoding="UTF-8"?>
<!-- Generated by org.testng.reporters.JUnitReportReporter -->
<testsuite hostname="DESKTOP-9E95C5R" failures="0" tests="1" name="com.vtiger.practice.Test.practice1Test" time="0.332" errors="0" timestamp="24 May 2022 12:36:31 GMT" skipped="0">
  <testcase classname="com.vtiger.practice.Test.practice1Test" name="practice1" time="0.332"/>
</testsuite> <!-- com.vtiger.practice.Test.practice1Test -->
